<?xml version="1.0" encoding="UTF-8"?>
<testng-results skipped="0" failed="0" ignored="0" total="3" passed="3">
  <reporter-output>
  </reporter-output>
  <suite name="example suite 1" duration-ms="32942" started-at="2018-12-15T09:45:33Z" finished-at="2018-12-15T09:46:06Z">
    <groups>
    </groups>
    <test name="Regression suite 1" duration-ms="32942" started-at="2018-12-15T09:45:33Z" finished-at="2018-12-15T09:46:06Z">
      <class name="com.qa.enerlog.testcase.LoginTest">
        <test-method status="PASS" signature="initialiseBrowser()[pri:0, instance:com.qa.enerlog.testcase.LoginTest@27efef64]" name="initialiseBrowser" is-config="true" duration-ms="10168" started-at="2018-12-15T15:15:34Z" finished-at="2018-12-15T15:15:44Z">
          <reporter-output>
          </reporter-output>
        </test-method> <!-- initialiseBrowser -->
        <test-method status="PASS" signature="loginTestCases(java.lang.String, java.lang.String, org.testng.ITestResult)[pri:0, instance:com.qa.enerlog.testcase.LoginTest@27efef64]" name="loginTestCases" duration-ms="819" started-at="2018-12-15T15:15:44Z" data-provider="getDataExcel" finished-at="2018-12-15T15:15:45Z">
          <params>
            <param index="0">
              <value>
                <![CDATA[nitintajane3@gmail.com]]>
              </value>
            </param>
            <param index="1">
              <value>
                <![CDATA[1234]]>
              </value>
            </param>
            <param index="2">
              <value is-null="true"/>
            </param>
          </params>
          <reporter-output>
          </reporter-output>
        </test-method> <!-- loginTestCases -->
        <test-method status="PASS" signature="tearDown()[pri:0, instance:com.qa.enerlog.testcase.LoginTest@27efef64]" name="tearDown" is-config="true" duration-ms="639" started-at="2018-12-15T15:15:45Z" finished-at="2018-12-15T15:15:45Z">
          <reporter-output>
          </reporter-output>
        </test-method> <!-- tearDown -->
        <test-method status="PASS" signature="initialiseBrowser()[pri:0, instance:com.qa.enerlog.testcase.LoginTest@27efef64]" name="initialiseBrowser" is-config="true" duration-ms="8867" started-at="2018-12-15T15:15:45Z" finished-at="2018-12-15T15:15:54Z">
          <reporter-output>
          </reporter-output>
        </test-method> <!-- initialiseBrowser -->
        <test-method status="PASS" signature="loginTestCases(java.lang.String, java.lang.String, org.testng.ITestResult)[pri:0, instance:com.qa.enerlog.testcase.LoginTest@27efef64]" name="loginTestCases" duration-ms="655" started-at="2018-12-15T15:15:54Z" data-provider="getDataExcel" finished-at="2018-12-15T15:15:55Z">
          <params>
            <param index="0">
              <value>
                <![CDATA[nitin.tajane@yahoo.com]]>
              </value>
            </param>
            <param index="1">
              <value>
                <![CDATA[1234]]>
              </value>
            </param>
            <param index="2">
              <value is-null="true"/>
            </param>
          </params>
          <reporter-output>
          </reporter-output>
        </test-method> <!-- loginTestCases -->
        <test-method status="PASS" signature="tearDown()[pri:0, instance:com.qa.enerlog.testcase.LoginTest@27efef64]" name="tearDown" is-config="true" duration-ms="600" started-at="2018-12-15T15:15:55Z" finished-at="2018-12-15T15:15:55Z">
          <reporter-output>
          </reporter-output>
        </test-method> <!-- tearDown -->
        <test-method status="PASS" signature="initialiseBrowser()[pri:0, instance:com.qa.enerlog.testcase.LoginTest@27efef64]" name="initialiseBrowser" is-config="true" duration-ms="9147" started-at="2018-12-15T15:15:55Z" finished-at="2018-12-15T15:16:04Z">
          <reporter-output>
          </reporter-output>
        </test-method> <!-- initialiseBrowser -->
        <test-method status="PASS" signature="loginTestCases(java.lang.String, java.lang.String, org.testng.ITestResult)[pri:0, instance:com.qa.enerlog.testcase.LoginTest@27efef64]" name="loginTestCases" duration-ms="683" started-at="2018-12-15T15:16:04Z" data-provider="getDataExcel" finished-at="2018-12-15T15:16:05Z">
          <params>
            <param index="0">
              <value>
                <![CDATA[nitin.tajane@yandex.com]]>
              </value>
            </param>
            <param index="1">
              <value>
                <![CDATA[1234]]>
              </value>
            </param>
            <param index="2">
              <value is-null="true"/>
            </param>
          </params>
          <reporter-output>
          </reporter-output>
        </test-method> <!-- loginTestCases -->
        <test-method status="PASS" signature="tearDown()[pri:0, instance:com.qa.enerlog.testcase.LoginTest@27efef64]" name="tearDown" is-config="true" duration-ms="669" started-at="2018-12-15T15:16:05Z" finished-at="2018-12-15T15:16:06Z">
          <reporter-output>
          </reporter-output>
        </test-method> <!-- tearDown -->
      </class> <!-- com.qa.enerlog.testcase.LoginTest -->
    </test> <!-- Regression suite 1 -->
  </suite> <!-- example suite 1 -->
</testng-results>
