<?xml version="1.0" encoding="UTF-8"?>
<!-- Generated by org.testng.reporters.JUnitXMLReporter -->
<testsuite hostname="Admin-PC" ignored="0" name="Regression suite 1" tests="3" failures="0" timestamp="15 Dec 2018 09:46:06 GMT" time="32.942" errors="0">
  <testcase name="loginTestCases" time="0.819" classname="com.qa.enerlog.testcase.LoginTest"/>
  <testcase name="loginTestCases" time="0.655" classname="com.qa.enerlog.testcase.LoginTest"/>
  <testcase name="loginTestCases" time="0.683" classname="com.qa.enerlog.testcase.LoginTest"/>
</testsuite> <!-- Regression suite 1 -->
