<?xml version="1.0" encoding="UTF-8"?>
<!-- Generated by org.testng.reporters.JUnitXMLReporter -->
<testsuite hostname="Admin-PC" ignored="0" name="Default test" tests="3" failures="0" timestamp="14 Dec 2018 13:54:02 GMT" time="42.84" errors="0">
  <testcase name="loginTestCases" time="1.008" classname="com.qa.enerlog.testcase.LoginTest"/>
  <testcase name="loginTestCases" time="1.071" classname="com.qa.enerlog.testcase.LoginTest"/>
  <testcase name="loginTestCases" time="1.017" classname="com.qa.enerlog.testcase.LoginTest"/>
</testsuite> <!-- Default test -->
